<?xml version="1.0"?>
<testsuite name="Chrome Headless 128.0.0.0 (Windows 10)" package="" timestamp="2024-09-15T23:18:57" id="0" hostname="Tomi" tests="4" errors="0" failures="0" time="0.099">
  <properties>
    <property name="browser.fullName" value="Mozilla/5.0 (Windows NT 10.0; Win64; x64) AppleWebKit/537.36 (KHTML, like Gecko) HeadlessChrome/128.0.0.0 Safari/537.36"/>
  </properties>
  <testcase name="EmployeeService should retrieve all employees" time="0.02" classname="EmployeeService"/>
  <testcase name="AppComponent should render title" time="0.036" classname="AppComponent"/>
  <testcase name="AddemployeeComponent should create" time="0.023" classname="AddemployeeComponent"/>
  <testcase name="EmployeeComponent should create" time="0.02" classname="EmployeeComponent"/>
  <system-out>
    <![CDATA[
]]>
  </system-out>
  <system-err/>
</testsuite>